<?xml version="1.0" encoding="UTF-8" ?>
<testsuite failures="0" time="1.173" errors="0" skipped="0" tests="7" name="com.aironman.sample.mongo.repository.RepositoryTest">
  <properties>
[...]
</properties>
  <testcase time="0.574" classname="com.aironman.sample.mongo.repository.RepositoryTest" name="rolesCount"/>
  <testcase time="0.09" classname="com.aironman.sample.mongo.repository.RepositoryTest" name="rolesDuplicate"/>
  <testcase time="0.101" classname="com.aironman.sample.mongo.repository.RepositoryTest" name="user"/>
  <testcase time="0.091" classname="com.aironman.sample.mongo.repository.RepositoryTest" name="userRoles"/>
  <testcase time="0.09" classname="com.aironman.sample.mongo.repository.RepositoryTest" name="userDuplicate"/>
  <testcase time="0.106" classname="com.aironman.sample.mongo.repository.RepositoryTest" name="userFind"/>
  <testcase time="0.09" classname="com.aironman.sample.mongo.repository.RepositoryTest" name="userDelete"/>
</testsuite>